<?xml version="1.0" encoding="UTF-8"?>
<!-- Generated by org.testng.reporters.JUnitXMLReporter -->
<testsuite ignored="0" hostname="LAPTOP-3N0HLSP8" failures="1" tests="4" name="Test" time="37.658" errors="0" timestamp="2023-04-19T15:30:33 IST">
  <testcase classname="com.saucedemo.qa.HomePageTest" name="homePageTitleTest" time="0.031">
    <failure type="java.lang.AssertionError" message="expected [Swag- Labs] but found [Swag Labs]">
      <![CDATA[java.lang.AssertionError: expected [Swag- Labs] but found [Swag Labs]
at com.saucedemo.qa.HomePageTest.homePageTitleTest(HomePageTest.java:32)
at java.base/java.util.ArrayList.forEach(ArrayList.java:1511)
... Removed 31 stack frames]]>
    </failure>
  </testcase> <!-- homePageTitleTest -->
  <testcase classname="com.saucedemo.qa.HomePageTest" name="HomePageLogoTest" time="0.063"/>
  <testcase classname="com.saucedemo.qa.HomePageTest" name="priorityLabelTest" time="0.061"/>
  <testcase classname="com.saucedemo.qa.HomePageTest" name="selectExpensiveProduct" time="0.497"/>
</testsuite> <!-- Test -->
