<?xml version="1.0" encoding="UTF-8"?>
<testng-results ignored="0" total="4" passed="3" failed="1" skipped="0">
  <reporter-output>
  </reporter-output>
  <suite started-at="2023-04-19T15:29:54 IST" name="Suite" finished-at="2023-04-19T15:30:32 IST" duration-ms="37658">
    <groups>
    </groups>
    <test started-at="2023-04-19T15:29:54 IST" name="Test" finished-at="2023-04-19T15:30:32 IST" duration-ms="37658">
      <class name="com.saucedemo.qa.HomePageTest">
        <test-method is-config="true" signature="setup()[pri:0, instance:com.saucedemo.qa.HomePageTest@4659191b]" started-at="2023-04-19T15:29:55 IST" name="setup" finished-at="2023-04-19T15:30:03 IST" duration-ms="8583" status="PASS">
          <reporter-output>
          </reporter-output>
        </test-method> <!-- setup -->
        <test-method signature="homePageTitleTest()[pri:1, instance:com.saucedemo.qa.HomePageTest@4659191b]" started-at="2023-04-19T15:30:03 IST" name="homePageTitleTest" finished-at="2023-04-19T15:30:03 IST" duration-ms="31" status="FAIL">
          <exception class="java.lang.AssertionError">
            <message>
              <![CDATA[expected [Swag- Labs] but found [Swag Labs]]]>
            </message>
            <full-stacktrace>
              <![CDATA[java.lang.AssertionError: expected [Swag- Labs] but found [Swag Labs]
at org.testng.Assert.fail(Assert.java:110)
at org.testng.Assert.failNotEquals(Assert.java:1413)
at org.testng.Assert.assertEqualsImpl(Assert.java:149)
at org.testng.Assert.assertEquals(Assert.java:131)
at org.testng.Assert.assertEquals(Assert.java:655)
at org.testng.Assert.assertEquals(Assert.java:665)
at com.saucedemo.qa.HomePageTest.homePageTitleTest(HomePageTest.java:32)
at java.base/jdk.internal.reflect.DirectMethodHandleAccessor.invoke(DirectMethodHandleAccessor.java:104)
at java.base/java.lang.reflect.Method.invoke(Method.java:578)
at org.testng.internal.invokers.MethodInvocationHelper.invokeMethod(MethodInvocationHelper.java:135)
at org.testng.internal.invokers.TestInvoker.invokeMethod(TestInvoker.java:673)
at org.testng.internal.invokers.TestInvoker.invokeTestMethod(TestInvoker.java:220)
at org.testng.internal.invokers.MethodRunner.runInSequence(MethodRunner.java:50)
at org.testng.internal.invokers.TestInvoker$MethodInvocationAgent.invoke(TestInvoker.java:945)
at org.testng.internal.invokers.TestInvoker.invokeTestMethods(TestInvoker.java:193)
at org.testng.internal.invokers.TestMethodWorker.invokeTestMethods(TestMethodWorker.java:146)
at org.testng.internal.invokers.TestMethodWorker.run(TestMethodWorker.java:128)
at java.base/java.util.ArrayList.forEach(ArrayList.java:1511)
at org.testng.TestRunner.privateRun(TestRunner.java:808)
at org.testng.TestRunner.run(TestRunner.java:603)
at org.testng.SuiteRunner.runTest(SuiteRunner.java:429)
at org.testng.SuiteRunner.runSequentially(SuiteRunner.java:423)
at org.testng.SuiteRunner.privateRun(SuiteRunner.java:383)
at org.testng.SuiteRunner.run(SuiteRunner.java:326)
at org.testng.SuiteRunnerWorker.runSuite(SuiteRunnerWorker.java:52)
at org.testng.SuiteRunnerWorker.run(SuiteRunnerWorker.java:95)
at org.testng.TestNG.runSuitesSequentially(TestNG.java:1249)
at org.testng.TestNG.runSuitesLocally(TestNG.java:1169)
at org.testng.TestNG.runSuites(TestNG.java:1092)
at org.testng.TestNG.run(TestNG.java:1060)
at org.testng.remote.AbstractRemoteTestNG.run(AbstractRemoteTestNG.java:115)
at org.testng.remote.RemoteTestNG.initAndRun(RemoteTestNG.java:251)
at org.testng.remote.RemoteTestNG.main(RemoteTestNG.java:77)
]]>
            </full-stacktrace>
          </exception> <!-- java.lang.AssertionError -->
          <reporter-output>
          </reporter-output>
        </test-method> <!-- homePageTitleTest -->
        <test-method is-config="true" signature="tearDown(org.testng.ITestResult)[pri:0, instance:com.saucedemo.qa.HomePageTest@4659191b]" started-at="2023-04-19T15:30:03 IST" name="tearDown" finished-at="2023-04-19T15:30:05 IST" duration-ms="1991" status="PASS">
          <params>
            <param index="0">
              <value>
                <![CDATA[[TestResult name=homePageTitleTest status=FAILURE method=HomePageTest.homePageTitleTest()[pri:1, instance:com.saucedemo.qa.HomePageTest@4659191b] output={null}]]]>
              </value>
            </param>
          </params>
          <reporter-output>
          </reporter-output>
        </test-method> <!-- tearDown -->
        <test-method is-config="true" signature="setup()[pri:0, instance:com.saucedemo.qa.HomePageTest@4659191b]" started-at="2023-04-19T15:30:05 IST" name="setup" finished-at="2023-04-19T15:30:12 IST" duration-ms="6761" status="PASS">
          <reporter-output>
          </reporter-output>
        </test-method> <!-- setup -->
        <test-method signature="HomePageLogoTest()[pri:2, instance:com.saucedemo.qa.HomePageTest@4659191b]" started-at="2023-04-19T15:30:12 IST" name="HomePageLogoTest" finished-at="2023-04-19T15:30:12 IST" duration-ms="63" status="PASS">
          <reporter-output>
          </reporter-output>
        </test-method> <!-- HomePageLogoTest -->
        <test-method is-config="true" signature="tearDown(org.testng.ITestResult)[pri:0, instance:com.saucedemo.qa.HomePageTest@4659191b]" started-at="2023-04-19T15:30:12 IST" name="tearDown" finished-at="2023-04-19T15:30:14 IST" duration-ms="1792" status="PASS">
          <params>
            <param index="0">
              <value>
                <![CDATA[[TestResult name=HomePageLogoTest status=SUCCESS method=HomePageTest.HomePageLogoTest()[pri:2, instance:com.saucedemo.qa.HomePageTest@4659191b] output={null}]]]>
              </value>
            </param>
          </params>
          <reporter-output>
          </reporter-output>
        </test-method> <!-- tearDown -->
        <test-method is-config="true" signature="setup()[pri:0, instance:com.saucedemo.qa.HomePageTest@4659191b]" started-at="2023-04-19T15:30:14 IST" name="setup" finished-at="2023-04-19T15:30:21 IST" duration-ms="6658" status="PASS">
          <reporter-output>
          </reporter-output>
        </test-method> <!-- setup -->
        <test-method signature="priorityLabelTest()[pri:3, instance:com.saucedemo.qa.HomePageTest@4659191b]" started-at="2023-04-19T15:30:21 IST" name="priorityLabelTest" finished-at="2023-04-19T15:30:21 IST" duration-ms="61" status="PASS">
          <reporter-output>
          </reporter-output>
        </test-method> <!-- priorityLabelTest -->
        <test-method is-config="true" signature="tearDown(org.testng.ITestResult)[pri:0, instance:com.saucedemo.qa.HomePageTest@4659191b]" started-at="2023-04-19T15:30:21 IST" name="tearDown" finished-at="2023-04-19T15:30:22 IST" duration-ms="1638" status="PASS">
          <params>
            <param index="0">
              <value>
                <![CDATA[[TestResult name=priorityLabelTest status=SUCCESS method=HomePageTest.priorityLabelTest()[pri:3, instance:com.saucedemo.qa.HomePageTest@4659191b] output={null}]]]>
              </value>
            </param>
          </params>
          <reporter-output>
          </reporter-output>
        </test-method> <!-- tearDown -->
        <test-method is-config="true" signature="setup()[pri:0, instance:com.saucedemo.qa.HomePageTest@4659191b]" started-at="2023-04-19T15:30:22 IST" name="setup" finished-at="2023-04-19T15:30:29 IST" duration-ms="6872" status="PASS">
          <reporter-output>
          </reporter-output>
        </test-method> <!-- setup -->
        <test-method signature="selectExpensiveProduct()[pri:4, instance:com.saucedemo.qa.HomePageTest@4659191b]" started-at="2023-04-19T15:30:29 IST" name="selectExpensiveProduct" finished-at="2023-04-19T15:30:30 IST" duration-ms="497" status="PASS">
          <reporter-output>
          </reporter-output>
        </test-method> <!-- selectExpensiveProduct -->
        <test-method is-config="true" signature="tearDown(org.testng.ITestResult)[pri:0, instance:com.saucedemo.qa.HomePageTest@4659191b]" started-at="2023-04-19T15:30:30 IST" name="tearDown" finished-at="2023-04-19T15:30:32 IST" duration-ms="2115" status="PASS">
          <params>
            <param index="0">
              <value>
                <![CDATA[[TestResult name=selectExpensiveProduct status=SUCCESS method=HomePageTest.selectExpensiveProduct()[pri:4, instance:com.saucedemo.qa.HomePageTest@4659191b] output={null}]]]>
              </value>
            </param>
          </params>
          <reporter-output>
          </reporter-output>
        </test-method> <!-- tearDown -->
      </class> <!-- com.saucedemo.qa.HomePageTest -->
    </test> <!-- Test -->
  </suite> <!-- Suite -->
</testng-results>
