<?xml version="1.0" encoding="UTF-8"?>
<!-- Generated by org.testng.reporters.JUnitXMLReporter -->
<testsuite ignored="0" hostname="LAPTOP-3N0HLSP8" failures="1" tests="18" name="ExecuteAllTC" time="97.391" errors="0" timestamp="2023-05-04T12:55:12 IST">
  <testcase classname="com.saucedemo.qa.pageTest.LoginPageTest" name="loginPageTitleTest" time="0.053">
    <skipped/>
  </testcase> <!-- loginPageTitleTest -->
  <testcase classname="com.saucedemo.qa.pageTest.LoginPageTest" name="loginPageTitleTest" time="0.02">
    <failure type="java.lang.AssertionError" message="expected [Swag- Labs] but found [Swag Labs]">
      <![CDATA[java.lang.AssertionError: expected [Swag- Labs] but found [Swag Labs]
at com.saucedemo.qa.pageTest.LoginPageTest.loginPageTitleTest(LoginPageTest.java:21)
at java.base/java.util.ArrayList.forEach(ArrayList.java:1511)
... Removed 31 stack frames]]>
    </failure>
  </testcase> <!-- loginPageTitleTest -->
  <testcase classname="com.saucedemo.qa.pageTest.LoginPageTest" name="loginPageLogoTest" time="0.078"/>
  <testcase classname="com.saucedemo.qa.pageTest.LoginPageTest" name="loginWithDifferentCrd" time="0.667"/>
  <testcase classname="com.saucedemo.qa.pageTest.LoginPageTest" name="loginWithDifferentCrd" time="0.449"/>
  <testcase classname="com.saucedemo.qa.pageTest.LoginPageTest" name="loginWithDifferentCrd" time="0.556"/>
  <testcase classname="com.saucedemo.qa.pageTest.LoginPageTest" name="loginWithDifferentCrd" time="5.633"/>
  <testcase classname="com.saucedemo.qa.pageTest.LoginPageTest" name="loginWithDifferentCrd" time="0.5"/>
  <testcase classname="com.saucedemo.qa.pageTest.LoginPageTest" name="loginWithDifferentCrd" time="0.43"/>
  <testcase classname="com.saucedemo.qa.pageTest.HomePageTest" name="homePageTitleTest" time="0.55"/>
  <testcase classname="com.saucedemo.qa.pageTest.HomePageTest" name="HomePageLogoTest" time="0.613"/>
  <testcase classname="com.saucedemo.qa.pageTest.HomePageTest" name="priorityLabelTest" time="0.569"/>
  <testcase classname="com.saucedemo.qa.pageTest.HomePageTest" name="verifyLogoutBtn" time="1.071"/>
  <testcase classname="com.saucedemo.qa.pageTest.HomePageTest" name="selectExpensiveProduct" time="1.003"/>
  <testcase classname="com.saucedemo.qa.pageTest.CartPageTest" name="cartPageTitleTest" time="0.547"/>
  <testcase classname="com.saucedemo.qa.pageTest.CartPageTest" name="cartPageLogoTest" time="0.63"/>
  <testcase classname="com.saucedemo.qa.pageTest.CartPageTest" name="cartPageLabelTest" time="0.601"/>
  <testcase classname="com.saucedemo.qa.pageTest.CartPageTest" name="removeproductBtnTest" time="1.293"/>
</testsuite> <!-- ExecuteAllTC -->
